d:\code\mtplay\src\mtplay\x64\release\qrc_mtplay.obj
d:\code\mtplay\src\mtplay\x64\release\mt_videowidget.obj
d:\code\mtplay\src\mtplay\x64\release\mt_videothread.obj
d:\code\mtplay\src\mtplay\x64\release\mt_videodecode.obj
d:\code\mtplay\src\mtplay\x64\release\mt_readthread.obj
d:\code\mtplay\src\mtplay\x64\release\mt_openvideo.obj
d:\code\mtplay\src\mtplay\x64\release\mt_deque.obj
d:\code\mtplay\src\mtplay\x64\release\mt_audiothread.obj
d:\code\mtplay\src\mtplay\x64\release\mt_audioplay.obj
d:\code\mtplay\src\mtplay\x64\release\mtplay.obj
d:\code\mtplay\src\mtplay\x64\release\main.obj
d:\code\mtplay\src\mtplay\x64\release\moc_mt_videowidget.obj
d:\code\mtplay\src\mtplay\x64\release\moc_mt_videothread.obj
d:\code\mtplay\src\mtplay\x64\release\moc_mt_readthread.obj
d:\code\mtplay\src\mtplay\x64\release\moc_mt_audiothread.obj
d:\code\mtplay\src\mtplay\x64\release\moc_mtplay.obj
d:\code\mtplay\src\mtplay\generatedfiles\release\moc_mtplay.cpp
d:\code\mtplay\src\mtplay\generatedfiles\ui_mtplay.h
d:\code\mtplay\src\mtplay\generatedfiles\release\moc_mt_audiothread.cpp
d:\code\mtplay\src\mtplay\generatedfiles\release\moc_mt_readthread.cpp
d:\code\mtplay\src\mtplay\generatedfiles\release\moc_mt_videothread.cpp
d:\code\mtplay\src\mtplay\generatedfiles\release\moc_mt_videowidget.cpp
d:\code\mtplay\src\mtplay\generatedfiles\qrc_mtplay.cpp
d:\code\mtplay\bin\mtplay.exe
d:\code\mtplay\src\mtplay\..\..\bin\mtplay.exe
d:\code\mtplay\src\mtplay\x64\release\mtplay.tlog\cl.command.1.tlog
d:\code\mtplay\src\mtplay\x64\release\mtplay.tlog\cl.read.1.tlog
d:\code\mtplay\src\mtplay\x64\release\mtplay.tlog\cl.write.1.tlog
d:\code\mtplay\src\mtplay\x64\release\mtplay.tlog\custombuild.command.1.tlog
d:\code\mtplay\src\mtplay\x64\release\mtplay.tlog\custombuild.read.1.tlog
d:\code\mtplay\src\mtplay\x64\release\mtplay.tlog\custombuild.write.1.tlog
d:\code\mtplay\src\mtplay\x64\release\mtplay.tlog\link.command.1.tlog
d:\code\mtplay\src\mtplay\x64\release\mtplay.tlog\link.read.1.tlog
d:\code\mtplay\src\mtplay\x64\release\mtplay.tlog\link.write.1.tlog
