d:\code\mtplay\src\mtplay\x64\debug\vc140.pdb
d:\code\mtplay\src\mtplay\x64\debug\mt_videowidget.obj
d:\code\mtplay\src\mtplay\x64\debug\mt_videothread.obj
d:\code\mtplay\src\mtplay\x64\debug\mt_videodecode.obj
d:\code\mtplay\src\mtplay\x64\debug\mt_readthread.obj
d:\code\mtplay\src\mtplay\x64\debug\mt_openvideo.obj
d:\code\mtplay\src\mtplay\x64\debug\mt_deque.obj
d:\code\mtplay\src\mtplay\x64\debug\mt_audiothread.obj
d:\code\mtplay\src\mtplay\x64\debug\mt_audioplay.obj
d:\code\mtplay\src\mtplay\x64\debug\main.obj
d:\code\mtplay\src\mtplay\x64\debug\moc_mt_videowidget.obj
d:\code\mtplay\src\mtplay\x64\debug\moc_mt_videothread.obj
d:\code\mtplay\src\mtplay\x64\debug\moc_mt_readthread.obj
d:\code\mtplay\src\mtplay\x64\debug\moc_mt_audiothread.obj
d:\code\mtplay\src\mtplay\x64\debug\moc_mtplay.obj
d:\code\mtplay\src\mtplay\x64\debug\qrc_mtplay.obj
d:\code\mtplay\src\mtplay\x64\debug\mtplay.obj
d:\code\mtplay\src\mtplay\generatedfiles\ui_mtplay.h
d:\code\mtplay\src\mtplay\generatedfiles\debug\moc_mt_audiothread.cpp
d:\code\mtplay\src\mtplay\generatedfiles\debug\moc_mt_readthread.cpp
d:\code\mtplay\src\mtplay\generatedfiles\debug\moc_mt_videothread.cpp
d:\code\mtplay\src\mtplay\generatedfiles\debug\moc_mt_videowidget.cpp
d:\code\mtplay\src\mtplay\generatedfiles\qrc_mtplay.cpp
d:\code\mtplay\src\mtplay\generatedfiles\debug\moc_mtplay.cpp
d:\code\mtplay\bin\mtplay.ilk
d:\code\mtplay\bin\mtplay.exe
d:\code\mtplay\bin\mtplay.pdb
d:\code\mtplay\src\mtplay\..\..\bin\mtplay.exe
d:\code\mtplay\src\mtplay\x64\debug\mtplay.tlog\cl.command.1.tlog
d:\code\mtplay\src\mtplay\x64\debug\mtplay.tlog\cl.read.1.tlog
d:\code\mtplay\src\mtplay\x64\debug\mtplay.tlog\cl.write.1.tlog
d:\code\mtplay\src\mtplay\x64\debug\mtplay.tlog\custombuild.command.1.tlog
d:\code\mtplay\src\mtplay\x64\debug\mtplay.tlog\custombuild.read.1.tlog
d:\code\mtplay\src\mtplay\x64\debug\mtplay.tlog\custombuild.write.1.tlog
d:\code\mtplay\src\mtplay\x64\debug\mtplay.tlog\link.command.1.tlog
d:\code\mtplay\src\mtplay\x64\debug\mtplay.tlog\link.read.1.tlog
d:\code\mtplay\src\mtplay\x64\debug\mtplay.tlog\link.write.1.tlog
